<?xml version="1.0" encoding="UTF-8"?>
<testsuite xmlns:xsi="http://www.w3.org/2001/XMLSchema-instance" xsi:noNamespaceSchemaLocation="https://maven.apache.org/surefire/maven-surefire-plugin/xsd/surefire-test-report-3.0.xsd" version="3.0" name="com.eduardosousa.automacao.runners.TestRunner" time="22.665" tests="1" errors="0" skipped="0" failures="0">
  <properties>
[...]
</properties>
  <testcase name="Validar login com sucesso" classname="Login no Aplicativo Fintech" time="18.973">
    <system-out><![CDATA[
@Regressivo @Sprint01 @ID_FIN_001 @SmokeTest
Cenário: Validar login com sucesso                          # src/test/resources/features/login.feature:10
  Dado que o usuário está na tela de autenticação           # com.eduardosousa.automacao.steps.LoginSteps.queOUsuarioEstaNaTelaDeAutenticacao()
  Quando insiro as credenciais de acesso válidas            # com.eduardosousa.automacao.steps.LoginSteps.insiroAsCredenciaisDeAcessoValidas()
  E toco no botão de login                                  # com.eduardosousa.automacao.steps.LoginSteps.tocoNoBotaoDeLogin()
LOG: Validação final realizada no Allure.
  Então o dashboard financeiro deve ser exibido com sucesso # com.eduardosousa.automacao.steps.LoginSteps.oDashboardFinanceiroDeveSerExibidoComSucesso()
LOG: Evidência visual anexada ao Allure para o cenário: Validar login com sucesso
]]></system-out>
    <system-err><![CDATA[SLF4J: No SLF4J providers were found.
SLF4J: Defaulting to no-operation (NOP) logger implementation
SLF4J: See https://www.slf4j.org/codes.html#noProviders for further details.
]]></system-err>
  </testcase>
</testsuite>